  code1.cpp
D:\CODE\CPP_CODE\C++ Primer Plus Code practice\chapter 14\code1\Project1\Project1\code1.cpp(476,44): warning C4244: “return”: 从“V”转换到“U”，可能丢失数据
          with
          [
              V=double
          ]
          and
          [
              U=int
          ]
D:\CODE\CPP_CODE\C++ Primer Plus Code practice\chapter 14\code1\Project1\Project1\code1.cpp(493): message : 查看对正在编译的函数 模板 实例化“U beta<double>::blab<int>(U,T)”的引用
          with
          [
              U=int,
              T=double
          ]
D:\CODE\CPP_CODE\C++ Primer Plus Code practice\chapter 14\code1\Project1\Project1\code1.cpp(493): message : 查看对正在编译的函数 模板 实例化“U beta<double>::blab<int>(U,T)”的引用
          with
          [
              U=int,
              T=double
          ]
  Project1.vcxproj -> D:\CODE\CPP_CODE\C++ Primer Plus Code practice\chapter 14\code1\Project1\x64\Debug\Project1.exe
